#
# There is insufficient memory for the Java Runtime Environment to continue.
# Native memory allocation (malloc) failed to allocate 65552 bytes for Chunk::new
# Possible reasons:
#   The system is out of physical RAM or swap space
#   The process is running with CompressedOops enabled, and the Java Heap may be blocking the growth of the native heap
# Possible solutions:
#   Reduce memory load on the system
#   Increase physical memory or swap space
#   Check if swap backing store is full
#   Decrease Java heap size (-Xmx/-Xms)
#   Decrease number of Java threads
#   Decrease Java thread stack sizes (-Xss)
#   Set larger code cache with -XX:ReservedCodeCacheSize=
#   JVM is running with Unscaled Compressed Oops mode in which the Java heap is
#     placed in the first 4GB address space. The Java Heap base address is the
#     maximum limit for the native heap growth. Please use -XX:HeapBaseMinAddress
#     to set the Java Heap base and to place the Java Heap above 4GB virtual address.
# This output file may be truncated or incomplete.
#
#  Out of Memory Error (allocation.cpp:389), pid=17220, tid=0x0000000000000ca8
#
# JRE version: OpenJDK Runtime Environment (8.0_202-b03) (build 1.8.0_202-release-1483-b03)
# Java VM: OpenJDK 64-Bit Server VM (25.202-b03 mixed mode windows-amd64 compressed oops)
# Failed to write core dump. Minidumps are not enabled by default on client versions of Windows
#

---------------  T H R E A D  ---------------

Current thread (0x00000000162d5000):  JavaThread "C2 CompilerThread0" daemon [_thread_in_native, id=3240, stack(0x0000000017960000,0x0000000017a60000)]

Stack: [0x0000000017960000,0x0000000017a60000]
[error occurred during error reporting (printing stack bounds), id 0xc0000005]

Native frames: (J=compiled Java code, j=interpreted, Vv=VM code, C=native code)


Current CompileTask:
C2: 138577 21071 %     4       com.android.tools.r8.ir.regalloc.LinearScanRegisterAllocator::a @ 2072 (3743 bytes)


---------------  P R O C E S S  ---------------

Java Threads: ( => current thread )
  0x000000001f094000 JavaThread "Cache worker for Java compile cache (C:\Users\tugle\Desktop\NLR_Viewer\app-sources\NLRViewer\.gradle\5.4.1\javaCompile)" [_thread_blocked, id=16980, stack(0x00000000283f0000,0x00000000284f0000)]
  0x000000001f099800 JavaThread "Cache worker for Java compile cache (C:\Users\tugle\.gradle\caches\5.4.1\javaCompile)" [_thread_blocked, id=12808, stack(0x00000000282f0000,0x00000000283f0000)]
  0x000000001f08b000 JavaThread "stdout" [_thread_in_native, id=15524, stack(0x00000000280f0000,0x00000000281f0000)]
  0x000000001f091000 JavaThread "stderr" [_thread_in_native, id=16176, stack(0x0000000027ff0000,0x00000000280f0000)]
  0x000000001f08c800 JavaThread "stdout" [_thread_in_native, id=18796, stack(0x0000000027ef0000,0x0000000027ff0000)]
  0x000000001f090800 JavaThread "stderr" [_thread_in_native, id=3200, stack(0x0000000027df0000,0x0000000027ef0000)]
  0x000000001f08f000 JavaThread "stdout" [_thread_in_native, id=16520, stack(0x0000000027cf0000,0x0000000027df0000)]
  0x000000001f08e000 JavaThread "stderr" [_thread_in_native, id=12780, stack(0x0000000027bf0000,0x0000000027cf0000)]
  0x000000001f08c000 JavaThread "stdout" [_thread_in_native, id=18512, stack(0x0000000027af0000,0x0000000027bf0000)]
  0x000000001f092000 JavaThread "stderr" [_thread_in_native, id=14208, stack(0x00000000279f0000,0x0000000027af0000)]
  0x000000001f08f800 JavaThread "pool-3-thread-1" [_thread_blocked, id=6480, stack(0x00000000278f0000,0x00000000279f0000)]
  0x0000000018b00000 JavaThread "WorkerExecutor Queue Thread 4" [_thread_blocked, id=18416, stack(0x00000000277f0000,0x00000000278f0000)]
  0x0000000018afe000 JavaThread "WorkerExecutor Queue Thread 3" [_thread_blocked, id=11056, stack(0x00000000276f0000,0x00000000277f0000)]
  0x00000000195af000 JavaThread "WorkerExecutor Queue Thread 2" [_thread_blocked, id=5780, stack(0x00000000275f0000,0x00000000276f0000)]
  0x00000000195a0000 JavaThread "WorkerExecutor Queue" [_thread_blocked, id=17724, stack(0x00000000274f0000,0x00000000275f0000)]
  0x00000000195a6800 JavaThread "Cache worker for execution history cache (C:\Users\tugle\Desktop\NLR_Viewer\app-sources\NLRViewer\.gradle\5.4.1\executionHistory)" [_thread_blocked, id=13012, stack(0x00000000273f0000,0x00000000274f0000)]
  0x00000000195a3000 JavaThread "Execution worker for ':' Thread 3" [_thread_in_Java, id=16900, stack(0x00000000272f0000,0x00000000273f0000)]
  0x0000000023961800 JavaThread "Execution worker for ':' Thread 2" [_thread_blocked, id=19096, stack(0x00000000271f0000,0x00000000272f0000)]
  0x0000000023961000 JavaThread "Execution worker for ':'" [_thread_blocked, id=19188, stack(0x00000000270f0000,0x00000000271f0000)]
  0x000000002395f800 JavaThread "Cache worker for file content cache (C:\Users\tugle\Desktop\NLR_Viewer\app-sources\NLRViewer\.gradle\5.4.1\fileContent)" [_thread_blocked, id=6532, stack(0x0000000026ff0000,0x00000000270f0000)]
  0x0000000023960000 JavaThread "Cache worker for file content cache (C:\Users\tugle\.gradle\caches\5.4.1\fileContent)" [_thread_blocked, id=1268, stack(0x0000000026ef0000,0x0000000026ff0000)]
  0x0000000023963000 JavaThread "Cache worker for Build Output Cleanup Cache (C:\Users\tugle\Desktop\NLR_Viewer\app-sources\NLRViewer\.gradle\buildOutputCleanup)" [_thread_blocked, id=17972, stack(0x0000000026df0000,0x0000000026ef0000)]
  0x0000000023956800 JavaThread "pool-2-thread-1" [_thread_blocked, id=13192, stack(0x0000000026cf0000,0x0000000026df0000)]
  0x0000000023962800 JavaThread "Build operations Thread 4" [_thread_blocked, id=11364, stack(0x0000000026bf0000,0x0000000026cf0000)]
  0x000000002395e800 JavaThread "Build operations Thread 3" [_thread_blocked, id=18388, stack(0x0000000026af0000,0x0000000026bf0000)]
  0x0000000023957000 JavaThread "Build operations Thread 2" [_thread_blocked, id=13204, stack(0x00000000269f0000,0x0000000026af0000)]
  0x000000002395e000 JavaThread "Build operations" [_thread_blocked, id=6740, stack(0x00000000268f0000,0x00000000269f0000)]
  0x000000002395c800 JavaThread "Cache worker for cache directory md-rule (C:\Users\tugle\.gradle\caches\5.4.1\md-rule)" [_thread_blocked, id=7452, stack(0x00000000267f0000,0x00000000268f0000)]
  0x000000002395d000 JavaThread "Cache worker for cache directory md-supplier (C:\Users\tugle\.gradle\caches\5.4.1\md-supplier)" [_thread_blocked, id=15924, stack(0x00000000266f0000,0x00000000267f0000)]
  0x0000000023955000 JavaThread "Cache worker for file hash cache (C:\Users\tugle\Desktop\NLR_Viewer\app-sources\NLRViewer\.gradle\5.4.1\fileHashes)" [_thread_blocked, id=2936, stack(0x00000000265f0000,0x00000000266f0000)]
  0x0000000023955800 JavaThread "Thread-31" [_thread_blocked, id=12356, stack(0x00000000264f0000,0x00000000265f0000)]
  0x000000002395b000 JavaThread "Asynchronous log dispatcher for DefaultDaemonConnection: socket connection from /127.0.0.1:24790 to /127.0.0.1:24824" [_thread_blocked, id=1856, stack(0x00000000262f0000,0x00000000263f0000)]
  0x0000000023959800 JavaThread "Cancel handler" [_thread_blocked, id=19340, stack(0x00000000261f0000,0x00000000262f0000)]
  0x0000000023958800 JavaThread "Handler for socket connection from /127.0.0.1:24790 to /127.0.0.1:24824" [_thread_in_native, id=18728, stack(0x00000000260f0000,0x00000000261f0000)]
  0x00000000195a9800 JavaThread "Memory manager" [_thread_blocked, id=15512, stack(0x0000000024b00000,0x0000000024c00000)]
  0x00000000195a4800 JavaThread "Cache worker for execution history cache (C:\Users\tugle\.gradle\caches\5.4.1\executionHistory)" [_thread_blocked, id=14228, stack(0x00000000218e0000,0x00000000219e0000)]
  0x0000000018aff800 JavaThread "Cache worker for journal cache (C:\Users\tugle\.gradle\caches\journal-1)" [_thread_blocked, id=13964, stack(0x000000001aee0000,0x000000001afe0000)]
  0x0000000018afa800 JavaThread "File lock request listener" [_thread_in_native, id=17268, stack(0x000000001ade0000,0x000000001aee0000)]
  0x0000000018afb800 JavaThread "Cache worker for file hash cache (C:\Users\tugle\.gradle\caches\5.4.1\fileHashes)" [_thread_blocked, id=1592, stack(0x000000001ace0000,0x000000001ade0000)]
  0x0000000018314800 JavaThread "Daemon worker" [_thread_in_vm, id=14508, stack(0x000000001a8e0000,0x000000001a9e0000)]
  0x0000000017e5f000 JavaThread "Daemon" [_thread_blocked, id=17204, stack(0x000000001a3e0000,0x000000001a4e0000)]
  0x00000000183d1000 JavaThread "Daemon periodic checks" [_thread_blocked, id=1544, stack(0x000000001a2e0000,0x000000001a3e0000)]
  0x00000000183ce800 JavaThread "Incoming local TCP Connector on port 24790" [_thread_in_native, id=16400, stack(0x000000001a070000,0x000000001a170000)]
  0x000000001940d800 JavaThread "Daemon health stats" [_thread_blocked, id=18584, stack(0x0000000019a30000,0x0000000019b30000)]
  0x0000000017b6b800 JavaThread "Service Thread" daemon [_thread_blocked, id=14124, stack(0x0000000018060000,0x0000000018160000)]
  0x000000001632e000 JavaThread "C1 CompilerThread2" daemon [_thread_in_native, id=2756, stack(0x0000000017f60000,0x0000000018060000)]
  0x00000000162d8000 JavaThread "C2 CompilerThread1" daemon [_thread_in_native, id=10820, stack(0x0000000017a60000,0x0000000017b60000)]
=>0x00000000162d5000 JavaThread "C2 CompilerThread0" daemon [_thread_in_native, id=3240, stack(0x0000000017960000,0x0000000017a60000)]
  0x00000000162d3800 JavaThread "Attach Listener" daemon [_thread_blocked, id=12020, stack(0x0000000017860000,0x0000000017960000)]
  0x00000000162d0000 JavaThread "Signal Dispatcher" daemon [_thread_blocked, id=14160, stack(0x0000000017760000,0x0000000017860000)]
  0x000000000295d800 JavaThread "Finalizer" daemon [_thread_blocked, id=1512, stack(0x0000000017540000,0x0000000017640000)]
  0x0000000002953800 JavaThread "Reference Handler" daemon [_thread_blocked, id=18716, stack(0x0000000017440000,0x0000000017540000)]
  0x0000000002863800 JavaThread "main" [_thread_blocked, id=17140, stack(0x00000000026d0000,0x00000000027d0000)]

Other Threads:
  0x0000000016297000 VMThread [stack: 0x0000000017340000,0x0000000017440000] [id=4008]
  0x0000000017b6c800 WatcherThread [stack: 0x0000000018160000,0x0000000018260000] [id=6900]

VM state:not at safepoint (normal execution)

VM Mutex/Monitor currently owned by a thread: None

OutOfMemory and StackOverflow Exception counts:
OutOfMemoryError java_heap_errors=3

heap address: 0x00000000a0000000, size: 1536 MB, Compressed Oops mode: 32-bit
Narrow klass base: 0x0000000000000000, Narrow klass shift: 3
Compressed class space size: 1073741824 Address: 0x0000000100000000

Heap:
 PSYoungGen      total 475648K, used 384615K [0x00000000e0000000, 0x0000000100000000, 0x0000000100000000)
  eden space 425472K, 84% used [0x00000000e0000000,0x00000000f5dc60c0,0x00000000f9f80000)
  from space 50176K, 52% used [0x00000000fcf00000,0x00000000fe8d3d18,0x0000000100000000)
  to   space 48640K, 0% used [0x00000000f9f80000,0x00000000f9f80000,0x00000000fcf00000)
 ParOldGen       total 142336K, used 90548K [0x00000000a0000000, 0x00000000a8b00000, 0x00000000e0000000)
  object space 142336K, 63% used [0x00000000a0000000,0x00000000a586d388,0x00000000a8b00000)
 Metaspace       used 94813K, capacity 98070K, committed 98304K, reserved 1134592K
  class space    used 11759K, capacity 12434K, committed 12544K, reserved 1048576K

Card table byte_map: [0x0000000011d20000,0x0000000012030000] byte_map_base: 0x0000000011820000

Marking Bits: (ParMarkBitMap*) 0x0000000068c99f30
 Begin Bits: [0x0000000012630000, 0x0000000013e30000)
 End Bits:   [0x0000000013e30000, 0x0000000015630000)

Polling page: 0x00000000007f0000

CodeCache: size=245760Kb used=63127Kb max_used=63127Kb free=182632Kb
 bounds [0x0000000002960000, 0x0000000006780000, 0x0000000011960000]
 total_blobs=18297 nmethods=17387 adapters=819
 compilation: enabled

Compilation events (10 events):
Event: 138.458 Thread 0x000000001632e000 21366       2       com.android.tools.r8.ir.optimize.PeepholeOptimizer::a (69 bytes)
Event: 138.458 Thread 0x000000001632e000 nmethod 21366 0x00000000059e68d0 code [0x00000000059e6b00, 0x00000000059e7098]
Event: 138.464 Thread 0x000000001632e000 21367       2       com.google.common.collect.ImmutableList::asList (2 bytes)
Event: 138.464 Thread 0x000000001632e000 nmethod 21367 0x00000000059e6590 code [0x00000000059e66e0, 0x00000000059e6830]
Event: 138.469 Thread 0x000000001632e000 21368       2       com.android.tools.r8.ir.analysis.type.DoubleTypeLatticeElement::hashCode (7 bytes)
Event: 138.469 Thread 0x000000001632e000 nmethod 21368 0x00000000059e6210 code [0x00000000059e6380, 0x00000000059e6508]
Event: 138.485 Thread 0x000000001632e000 21369       2       com.android.tools.r8.ir.code.r::a (48 bytes)
Event: 138.485 Thread 0x000000001632e000 nmethod 21369 0x00000000059e5d10 code [0x00000000059e5ea0, 0x00000000059e60f8]
Event: 138.500 Thread 0x000000001632e000 21370       2       com.android.tools.r8.ir.conversion.y::a (5 bytes)
Event: 138.500 Thread 0x000000001632e000 nmethod 21370 0x00000000059e5990 code [0x00000000059e5ae0, 0x00000000059e5c70]

GC Heap History (10 events):
Event: 123.454 GC heap before
{Heap before GC invocations=21 (full 3):
 PSYoungGen      total 363520K, used 363498K [0x00000000e0000000, 0x00000000fb080000, 0x0000000100000000)
  eden space 332800K, 100% used [0x00000000e0000000,0x00000000f4500000,0x00000000f4500000)
  from space 30720K, 99% used [0x00000000f4500000,0x00000000f62faac8,0x00000000f6300000)
  to   space 35840K, 0% used [0x00000000f8d80000,0x00000000f8d80000,0x00000000fb080000)
 ParOldGen       total 142336K, used 44535K [0x00000000a0000000, 0x00000000a8b00000, 0x00000000e0000000)
  object space 142336K, 31% used [0x00000000a0000000,0x00000000a2b7df38,0x00000000a8b00000)
 Metaspace       used 84800K, capacity 87244K, committed 87424K, reserved 1126400K
  class space    used 10464K, capacity 11015K, committed 11136K, reserved 1048576K
Event: 123.518 GC heap after
Heap after GC invocations=21 (full 3):
 PSYoungGen      total 405504K, used 25485K [0x00000000e0000000, 0x00000000fbd80000, 0x0000000100000000)
  eden space 369664K, 0% used [0x00000000e0000000,0x00000000e0000000,0x00000000f6900000)
  from space 35840K, 71% used [0x00000000f8d80000,0x00000000fa663548,0x00000000fb080000)
  to   space 37376K, 0% used [0x00000000f6900000,0x00000000f6900000,0x00000000f8d80000)
 ParOldGen       total 142336K, used 52917K [0x00000000a0000000, 0x00000000a8b00000, 0x00000000e0000000)
  object space 142336K, 37% used [0x00000000a0000000,0x00000000a33ad680,0x00000000a8b00000)
 Metaspace       used 84800K, capacity 87244K, committed 87424K, reserved 1126400K
  class space    used 10464K, capacity 11015K, committed 11136K, reserved 1048576K
}
Event: 129.099 GC heap before
{Heap before GC invocations=22 (full 3):
 PSYoungGen      total 405504K, used 395149K [0x00000000e0000000, 0x00000000fbd80000, 0x0000000100000000)
  eden space 369664K, 100% used [0x00000000e0000000,0x00000000f6900000,0x00000000f6900000)
  from space 35840K, 71% used [0x00000000f8d80000,0x00000000fa663548,0x00000000fb080000)
  to   space 37376K, 0% used [0x00000000f6900000,0x00000000f6900000,0x00000000f8d80000)
 ParOldGen       total 142336K, used 52917K [0x00000000a0000000, 0x00000000a8b00000, 0x00000000e0000000)
  object space 142336K, 37% used [0x00000000a0000000,0x00000000a33ad680,0x00000000a8b00000)
 Metaspace       used 94008K, capacity 97190K, committed 97408K, reserved 1134592K
  class space    used 11700K, capacity 12368K, committed 12416K, reserved 1048576K
Event: 129.273 GC heap after
Heap after GC invocations=22 (full 3):
 PSYoungGen      total 407040K, used 37363K [0x00000000e0000000, 0x0000000100000000, 0x0000000100000000)
  eden space 369664K, 0% used [0x00000000e0000000,0x00000000e0000000,0x00000000f6900000)
  from space 37376K, 99% used [0x00000000f6900000,0x00000000f8d7cd18,0x00000000f8d80000)
  to   space 48640K, 0% used [0x00000000fd080000,0x00000000fd080000,0x0000000100000000)
 ParOldGen       total 142336K, used 68844K [0x00000000a0000000, 0x00000000a8b00000, 0x00000000e0000000)
  object space 142336K, 48% used [0x00000000a0000000,0x00000000a433b3e0,0x00000000a8b00000)
 Metaspace       used 94008K, capacity 97190K, committed 97408K, reserved 1134592K
  class space    used 11700K, capacity 12368K, committed 12416K, reserved 1048576K
}
Event: 131.381 GC heap before
{Heap before GC invocations=23 (full 3):
 PSYoungGen      total 407040K, used 407027K [0x00000000e0000000, 0x0000000100000000, 0x0000000100000000)
  eden space 369664K, 100% used [0x00000000e0000000,0x00000000f6900000,0x00000000f6900000)
  from space 37376K, 99% used [0x00000000f6900000,0x00000000f8d7cd18,0x00000000f8d80000)
  to   space 48640K, 0% used [0x00000000fd080000,0x00000000fd080000,0x0000000100000000)
 ParOldGen       total 142336K, used 68844K [0x00000000a0000000, 0x00000000a8b00000, 0x00000000e0000000)
  object space 142336K, 48% used [0x00000000a0000000,0x00000000a433b3e0,0x00000000a8b00000)
 Metaspace       used 94276K, capacity 97464K, committed 97664K, reserved 1134592K
  class space    used 11711K, capacity 12377K, committed 12416K, reserved 1048576K
Event: 131.473 GC heap after
Heap after GC invocations=23 (full 3):
 PSYoungGen      total 473600K, used 31341K [0x00000000e0000000, 0x0000000100000000, 0x0000000100000000)
  eden space 424960K, 0% used [0x00000000e0000000,0x00000000e0000000,0x00000000f9f00000)
  from space 48640K, 64% used [0x00000000fd080000,0x00000000fef1b698,0x0000000100000000)
  to   space 49664K, 0% used [0x00000000f9f00000,0x00000000f9f00000,0x00000000fcf80000)
 ParOldGen       total 142336K, used 78989K [0x00000000a0000000, 0x00000000a8b00000, 0x00000000e0000000)
  object space 142336K, 55% used [0x00000000a0000000,0x00000000a4d235b8,0x00000000a8b00000)
 Metaspace       used 94276K, capacity 97464K, committed 97664K, reserved 1134592K
  class space    used 11711K, capacity 12377K, committed 12416K, reserved 1048576K
}
Event: 133.795 GC heap before
{Heap before GC invocations=24 (full 3):
 PSYoungGen      total 473600K, used 456301K [0x00000000e0000000, 0x0000000100000000, 0x0000000100000000)
  eden space 424960K, 100% used [0x00000000e0000000,0x00000000f9f00000,0x00000000f9f00000)
  from space 48640K, 64% used [0x00000000fd080000,0x00000000fef1b698,0x0000000100000000)
  to   space 49664K, 0% used [0x00000000f9f00000,0x00000000f9f00000,0x00000000fcf80000)
 ParOldGen       total 142336K, used 78989K [0x00000000a0000000, 0x00000000a8b00000, 0x00000000e0000000)
  object space 142336K, 55% used [0x00000000a0000000,0x00000000a4d235b8,0x00000000a8b00000)
 Metaspace       used 94342K, capacity 97536K, committed 97664K, reserved 1134592K
  class space    used 11712K, capacity 12379K, committed 12416K, reserved 1048576K
Event: 133.863 GC heap after
Heap after GC invocations=24 (full 3):
 PSYoungGen      total 455680K, used 30278K [0x00000000e0000000, 0x0000000100000000, 0x0000000100000000)
  eden space 424960K, 0% used [0x00000000e0000000,0x00000000e0000000,0x00000000f9f00000)
  from space 30720K, 98% used [0x00000000f9f00000,0x00000000fbc91b08,0x00000000fbd00000)
  to   space 50176K, 0% used [0x00000000fcf00000,0x00000000fcf00000,0x0000000100000000)
 ParOldGen       total 142336K, used 83405K [0x00000000a0000000, 0x00000000a8b00000, 0x00000000e0000000)
  object space 142336K, 58% used [0x00000000a0000000,0x00000000a5173660,0x00000000a8b00000)
 Metaspace       used 94342K, capacity 97536K, committed 97664K, reserved 1134592K
  class space    used 11712K, capacity 12379K, committed 12416K, reserved 1048576K
}
Event: 136.651 GC heap before
{Heap before GC invocations=25 (full 3):
 PSYoungGen      total 455680K, used 455238K [0x00000000e0000000, 0x0000000100000000, 0x0000000100000000)
  eden space 424960K, 100% used [0x00000000e0000000,0x00000000f9f00000,0x00000000f9f00000)
  from space 30720K, 98% used [0x00000000f9f00000,0x00000000fbc91b08,0x00000000fbd00000)
  to   space 50176K, 0% used [0x00000000fcf00000,0x00000000fcf00000,0x0000000100000000)
 ParOldGen       total 142336K, used 83405K [0x00000000a0000000, 0x00000000a8b00000, 0x00000000e0000000)
  object space 142336K, 58% used [0x00000000a0000000,0x00000000a5173660,0x00000000a8b00000)
 Metaspace       used 94474K, capacity 97672K, committed 97920K, reserved 1134592K
  class space    used 11712K, capacity 12379K, committed 12416K, reserved 1048576K
Event: 136.706 GC heap after
Heap after GC invocations=25 (full 3):
 PSYoungGen      total 475648K, used 26447K [0x00000000e0000000, 0x0000000100000000, 0x0000000100000000)
  eden space 425472K, 0% used [0x00000000e0000000,0x00000000e0000000,0x00000000f9f80000)
  from space 50176K, 52% used [0x00000000fcf00000,0x00000000fe8d3d18,0x0000000100000000)
  to   space 48640K, 0% used [0x00000000f9f80000,0x00000000f9f80000,0x00000000fcf00000)
 ParOldGen       total 142336K, used 90548K [0x00000000a0000000, 0x00000000a8b00000, 0x00000000e0000000)
  object space 142336K, 63% used [0x00000000a0000000,0x00000000a586d388,0x00000000a8b00000)
 Metaspace       used 94474K, capacity 97672K, committed 97920K, reserved 1134592K
  class space    used 11712K, capacity 12379K, committed 12416K, reserved 1048576K
}

Deoptimization events (10 events):
Event: 137.844 Thread 0x00000000195af000 Uncommon trap: reason=unstable_if action=reinterpret pc=0x0000000002b7bfb4 method=java.lang.String.indexOf([CII[CIII)I @ 27
Event: 137.876 Thread 0x00000000195af000 Uncommon trap: reason=bimorphic action=maybe_recompile pc=0x0000000004868db4 method=java.util.zip.DeflaterOutputStream.deflate()V @ 32
Event: 137.924 Thread 0x00000000195af000 Uncommon trap: reason=class_check action=maybe_recompile pc=0x0000000005e13910 method=com.android.tools.build.apkzlib.zip.CentralDirectoryHeader.getCompressionInfoWithWait()Lcom/android/tools/build/apkzlib/zip/CentralDirectoryHeaderCompressInfo; @ 4
Event: 137.925 Thread 0x00000000195af000 Uncommon trap: reason=unstable_if action=reinterpret pc=0x00000000061e2854 method=com.android.tools.build.apkzlib.zip.ExtraField.size()I @ 4
Event: 137.925 Thread 0x00000000195af000 Uncommon trap: reason=class_check action=maybe_recompile pc=0x0000000005e13910 method=com.android.tools.build.apkzlib.zip.CentralDirectoryHeader.getCompressionInfoWithWait()Lcom/android/tools/build/apkzlib/zip/CentralDirectoryHeaderCompressInfo; @ 4
Event: 137.934 Thread 0x00000000195af000 Uncommon trap: reason=class_check action=maybe_recompile pc=0x0000000005e13910 method=com.android.tools.build.apkzlib.zip.CentralDirectoryHeader.getCompressionInfoWithWait()Lcom/android/tools/build/apkzlib/zip/CentralDirectoryHeaderCompressInfo; @ 4
Event: 137.937 Thread 0x00000000195af000 Uncommon trap: reason=bimorphic action=maybe_recompile pc=0x0000000004868db4 method=java.util.zip.DeflaterOutputStream.deflate()V @ 32
Event: 137.937 Thread 0x00000000195af000 Uncommon trap: reason=class_check action=maybe_recompile pc=0x0000000005e13910 method=com.android.tools.build.apkzlib.zip.CentralDirectoryHeader.getCompressionInfoWithWait()Lcom/android/tools/build/apkzlib/zip/CentralDirectoryHeaderCompressInfo; @ 4
Event: 137.940 Thread 0x00000000195af000 Uncommon trap: reason=bimorphic action=maybe_recompile pc=0x0000000004868db4 method=java.util.zip.DeflaterOutputStream.deflate()V @ 32
Event: 137.946 Thread 0x00000000195af000 Uncommon trap: reason=bimorphic action=maybe_recompile pc=0x0000000004868db4 method=java.util.zip.DeflaterOutputStream.deflate()V @ 32

Classes redefined (0 events):
No events

Internal exceptions (10 events):
Event: 136.967 Thread 0x0000000023961800 Exception <a 'sun/nio/fs/WindowsException'> (0x00000000e29c3ad8) thrown at [D:\src\AOSP-openjdk-cygwin\jdk8u\hotspot\src\share\vm\prims\jni.cpp, line 710]
Event: 137.207 Thread 0x0000000023961000 Exception <a 'sun/nio/fs/WindowsException'> (0x00000000e1ff7cc0) thrown at [D:\src\AOSP-openjdk-cygwin\jdk8u\hotspot\src\share\vm\prims\jni.cpp, line 710]
Event: 137.321 Thread 0x0000000023961800 Exception <a 'sun/nio/fs/WindowsException'> (0x00000000e29e1f20) thrown at [D:\src\AOSP-openjdk-cygwin\jdk8u\hotspot\src\share\vm\prims\jni.cpp, line 710]
Event: 137.743 Thread 0x0000000023961000 Exception <a 'sun/nio/fs/WindowsException'> (0x00000000e8928a28) thrown at [D:\src\AOSP-openjdk-cygwin\jdk8u\hotspot\src\share\vm\prims\jni.cpp, line 710]
Event: 137.895 Thread 0x0000000023961000 Exception <a 'sun/nio/fs/WindowsException'> (0x00000000eb0d87b8) thrown at [D:\src\AOSP-openjdk-cygwin\jdk8u\hotspot\src\share\vm\prims\jni.cpp, line 710]
Event: 137.924 Thread 0x00000000195af000 Implicit null exception at 0x00000000061e2830 to 0x00000000061e2840
Event: 137.986 Thread 0x0000000023961800 Exception <a 'sun/nio/fs/WindowsException'> (0x00000000e2a42958) thrown at [D:\src\AOSP-openjdk-cygwin\jdk8u\hotspot\src\share\vm\prims\jni.cpp, line 710]
Event: 138.116 Thread 0x0000000023961800 Exception <a 'sun/nio/fs/WindowsException'> (0x00000000ed20d660) thrown at [D:\src\AOSP-openjdk-cygwin\jdk8u\hotspot\src\share\vm\prims\jni.cpp, line 710]
Event: 138.234 Thread 0x0000000023961000 Exception <a 'sun/nio/fs/WindowsException'> (0x00000000eb0f72d0) thrown at [D:\src\AOSP-openjdk-cygwin\jdk8u\hotspot\src\share\vm\prims\jni.cpp, line 710]
Event: 138.515 Thread 0x0000000023961800 Exception <a 'sun/nio/fs/WindowsException'> (0x00000000ed22ba70) thrown at [D:\src\AOSP-openjdk-cygwin\jdk8u\hotspot\src\share\vm\prims\jni.cpp, line 710]

Events (10 events):
Event: 138.469 Thread 0x00000000195af000 DEOPT PACKING pc=0x00000000053f01fc sp=0x00000000276edaa0
Event: 138.469 Thread 0x00000000195af000 DEOPT UNPACKING pc=0x00000000029a75d0 sp=0x00000000276ed958 mode 0
Event: 138.469 Thread 0x00000000195a3000 DEOPT PACKING pc=0x0000000005f4f07e sp=0x00000000273eadb0
Event: 138.469 Thread 0x00000000195a3000 DEOPT UNPACKING pc=0x00000000029a75d0 sp=0x00000000273eadc0 mode 0
Event: 138.475 Thread 0x00000000195af000 DEOPT PACKING pc=0x00000000053f01fc sp=0x00000000276edaa0
Event: 138.475 Thread 0x00000000195af000 DEOPT UNPACKING pc=0x00000000029a75d0 sp=0x00000000276ed958 mode 0
Event: 138.499 Thread 0x00000000195af000 DEOPT PACKING pc=0x00000000053f01fc sp=0x00000000276edaa0
Event: 138.499 Thread 0x00000000195af000 DEOPT UNPACKING pc=0x00000000029a75d0 sp=0x00000000276ed958 mode 0
Event: 138.505 Thread 0x00000000195a3000 DEOPT PACKING pc=0x00000000061545b5 sp=0x00000000273eb160
Event: 138.505 Thread 0x00000000195a3000 DEOPT UNPACKING pc=0x00000000029a75d0 sp=0x00000000273eb0a0 mode 0


Dynamic libraries:
0x00007ff65ce70000 - 0x00007ff65cea1000 	D:\Program Files\Android\Android Studio\jre\bin\java.exe
0x00007ff9de3d0000 - 0x00007ff9de5b1000 	C:\WINDOWS\SYSTEM32\ntdll.dll
0x00007ff9ddb50000 - 0x00007ff9ddc01000 	C:\WINDOWS\System32\KERNEL32.DLL
0x00007ff9db2c0000 - 0x00007ff9db533000 	C:\WINDOWS\System32\KERNELBASE.dll
0x00007ff9dd320000 - 0x00007ff9dd3c1000 	C:\WINDOWS\System32\ADVAPI32.dll
0x00007ff9dd450000 - 0x00007ff9dd4ee000 	C:\WINDOWS\System32\msvcrt.dll
0x00007ff9dd2c0000 - 0x00007ff9dd31b000 	C:\WINDOWS\System32\sechost.dll
0x00007ff9dba00000 - 0x00007ff9dbb24000 	C:\WINDOWS\System32\RPCRT4.dll
0x00007ff9dbc80000 - 0x00007ff9dbe11000 	C:\WINDOWS\System32\USER32.dll
0x00007ff9db150000 - 0x00007ff9db170000 	C:\WINDOWS\System32\win32u.dll
0x00007ff9dd270000 - 0x00007ff9dd298000 	C:\WINDOWS\System32\GDI32.dll
0x00007ff9db540000 - 0x00007ff9db6d1000 	C:\WINDOWS\System32\gdi32full.dll
0x00007ff9db220000 - 0x00007ff9db2bf000 	C:\WINDOWS\System32\msvcp_win.dll
0x00007ff9db6e0000 - 0x00007ff9db7d8000 	C:\WINDOWS\System32\ucrtbase.dll
0x00007ff9cf220000 - 0x00007ff9cf489000 	C:\WINDOWS\WinSxS\amd64_microsoft.windows.common-controls_6595b64144ccf1df_6.0.17134.1130_none_d3ff42617c90becf\COMCTL32.dll
0x00007ff9de060000 - 0x00007ff9de381000 	C:\WINDOWS\System32\combase.dll
0x00007ff9da9c0000 - 0x00007ff9daa39000 	C:\WINDOWS\System32\bcryptPrimitives.dll
0x00007ff9dd8b0000 - 0x00007ff9dd8dd000 	C:\WINDOWS\System32\IMM32.DLL
0x000000006ebb0000 - 0x000000006ec82000 	D:\Program Files\Android\Android Studio\jre\jre\bin\msvcr100.dll
0x00000000684d0000 - 0x0000000068d16000 	D:\Program Files\Android\Android Studio\jre\jre\bin\server\jvm.dll
0x00007ff9dd8a0000 - 0x00007ff9dd8a8000 	C:\WINDOWS\System32\PSAPI.DLL
0x00007ff970500000 - 0x00007ff970509000 	C:\WINDOWS\SYSTEM32\WSOCK32.dll
0x00007ff9dd7c0000 - 0x00007ff9dd82c000 	C:\WINDOWS\System32\WS2_32.dll
0x00007ff9d6000000 - 0x00007ff9d6023000 	C:\WINDOWS\SYSTEM32\WINMM.dll
0x00007ff9d5800000 - 0x00007ff9d580a000 	C:\WINDOWS\SYSTEM32\VERSION.dll
0x00007ff9d5fd0000 - 0x00007ff9d5ffa000 	C:\WINDOWS\SYSTEM32\WINMMBASE.dll
0x00007ff9da780000 - 0x00007ff9da7c9000 	C:\WINDOWS\System32\cfgmgr32.dll
0x00007ff9d69a0000 - 0x00007ff9d69af000 	D:\Program Files\Android\Android Studio\jre\jre\bin\verify.dll
0x00007ff9cb660000 - 0x00007ff9cb689000 	D:\Program Files\Android\Android Studio\jre\jre\bin\java.dll
0x00007ff9cb640000 - 0x00007ff9cb656000 	D:\Program Files\Android\Android Studio\jre\jre\bin\zip.dll
0x00007ff9dbe20000 - 0x00007ff9dd265000 	C:\WINDOWS\System32\SHELL32.dll
0x00007ff9dd710000 - 0x00007ff9dd7b9000 	C:\WINDOWS\System32\shcore.dll
0x00007ff9daa40000 - 0x00007ff9db150000 	C:\WINDOWS\System32\windows.storage.dll
0x00007ff9db9a0000 - 0x00007ff9db9f1000 	C:\WINDOWS\System32\shlwapi.dll
0x00007ff9da710000 - 0x00007ff9da721000 	C:\WINDOWS\System32\kernel.appcore.dll
0x00007ff9da6d0000 - 0x00007ff9da6ef000 	C:\WINDOWS\System32\profapi.dll
0x00007ff9da730000 - 0x00007ff9da77c000 	C:\WINDOWS\System32\powrprof.dll
0x00007ff9da6c0000 - 0x00007ff9da6ca000 	C:\WINDOWS\System32\FLTLIB.DLL
0x00007ff9cb620000 - 0x00007ff9cb63a000 	D:\Program Files\Android\Android Studio\jre\jre\bin\net.dll
0x00007ff9d9f40000 - 0x00007ff9d9fa6000 	C:\WINDOWS\system32\mswsock.dll
0x00007ff9cb600000 - 0x00007ff9cb611000 	D:\Program Files\Android\Android Studio\jre\jre\bin\nio.dll
0x00007ff9cc650000 - 0x00007ff9cc676000 	C:\Users\tugle\.gradle\native\29\windows-amd64\native-platform.dll
0x00007ff9d6990000 - 0x00007ff9d699d000 	D:\Program Files\Android\Android Studio\jre\jre\bin\management.dll
0x00007ff9da100000 - 0x00007ff9da117000 	C:\WINDOWS\SYSTEM32\CRYPTSP.dll
0x00007ff9d9af0000 - 0x00007ff9d9b23000 	C:\WINDOWS\system32\rsaenh.dll
0x00007ff9da220000 - 0x00007ff9da245000 	C:\WINDOWS\SYSTEM32\bcrypt.dll
0x00007ff9da5f0000 - 0x00007ff9da618000 	C:\WINDOWS\SYSTEM32\USERENV.dll
0x00007ff9da0f0000 - 0x00007ff9da0fb000 	C:\WINDOWS\SYSTEM32\CRYPTBASE.dll
0x00007ff9d9c90000 - 0x00007ff9d9cc8000 	C:\WINDOWS\SYSTEM32\IPHLPAPI.DLL
0x00007ff9de390000 - 0x00007ff9de398000 	C:\WINDOWS\System32\NSI.dll
0x00007ff9d4ca0000 - 0x00007ff9d4cb6000 	C:\WINDOWS\SYSTEM32\dhcpcsvc6.DLL
0x00007ff9d5770000 - 0x00007ff9d578a000 	C:\WINDOWS\SYSTEM32\dhcpcsvc.DLL
0x00007ff9d5450000 - 0x00007ff9d5474000 	D:\Program Files\Android\Android Studio\jre\jre\bin\sunec.dll
0x00007ff9d9cd0000 - 0x00007ff9d9d8e000 	C:\WINDOWS\SYSTEM32\DNSAPI.dll
0x000000006efa0000 - 0x000000006efaa000 	D:\Program Files\National Instruments\Shared\mDNS Responder\nimdnsNSP.dll
0x000000006ef90000 - 0x000000006efa0000 	C:\WINDOWS\SYSTEM32\nimdnsResponder.dll
0x00007ff9bf3b0000 - 0x00007ff9bf3c6000 	C:\WINDOWS\SYSTEM32\VCRUNTIME140.dll
0x000000006ef60000 - 0x000000006ef86000 	C:\Program Files\Bonjour\mdnsNSP.dll
0x00007ff9c7d60000 - 0x00007ff9c7d6a000 	C:\Windows\System32\rasadhlp.dll
0x00007ff9c88a0000 - 0x00007ff9c8912000 	C:\WINDOWS\System32\fwpuclnt.dll
0x00007ff9d6970000 - 0x00007ff9d697b000 	D:\Program Files\Android\Android Studio\jre\jre\bin\sunmscapi.dll
0x00007ff9da7d0000 - 0x00007ff9da9b2000 	C:\WINDOWS\System32\CRYPT32.dll
0x00007ff9da6f0000 - 0x00007ff9da702000 	C:\WINDOWS\System32\MSASN1.dll
0x00007ff9d89e0000 - 0x00007ff9d8a6b000 	C:\WINDOWS\system32\apphelp.dll

VM Arguments:
jvm_args: -Xmx1536m -Dfile.encoding=windows-1252 -Duser.country=FR -Duser.language=fr -Duser.variant 
java_command: org.gradle.launcher.daemon.bootstrap.GradleDaemon 5.4.1
java_class_path (initial): C:\Users\tugle\.gradle\wrapper\dists\gradle-5.4.1-all\3221gyojl5jsh0helicew7rwx\gradle-5.4.1\lib\gradle-launcher-5.4.1.jar
Launcher Type: SUN_STANDARD

Environment Variables:
USERNAME=tugle
OS=Windows_NT
PROCESSOR_IDENTIFIER=Intel64 Family 6 Model 158 Stepping 9, GenuineIntel



---------------  S Y S T E M  ---------------

OS: Windows 10.0 , 64 bit Build 17134 (10.0.17134.753)

CPU:total 4 (initial active 4) (4 cores per cpu, 1 threads per core) family 6 model 158 stepping 9, cmov, cx8, fxsr, mmx, sse, sse2, sse3, ssse3, sse4.1, sse4.2, popcnt, avx, avx2, aes, clmul, erms, 3dnowpref, lzcnt, tsc, tscinvbit, bmi1, bmi2, adx

Memory: 4k page, physical 8269412k(522052k free), swap 13512292k(2072k free)

vm_info: OpenJDK 64-Bit Server VM (25.202-b03) for windows-amd64 JRE (1.8.0_202-release-1483-b03), built by "builder" with MS VC++ 10.0 (VS2010)

time: Thu Feb 27 22:57:12 2020
timezone: Paris, Madrid
elapsed time: 138 seconds (0d 0h 2m 18s)

